<component name="libraryTable">
  <library name="junit-xml-plugin-2.6.0">
    <CLASSES>
      <root url="jar://$PROJECT_DIR$/data/repo_cache/security-token-e2e-tests/.allure/allure-2.6.0/plugins/junit-xml-plugin/junit-xml-plugin-2.6.0.jar!/" />
    </CLASSES>
    <JAVADOC />
    <SOURCES />
  </library>
</component>